0 info it worked if it ends with ok
1 verbose cli [ '/Users/evanturner/.nvm/versions/node/v5.0.0/bin/node',
1 verbose cli   '/Users/evanturner/.nvm/versions/node/v5.0.0/bin/npm',
1 verbose cli   'publish',
1 verbose cli   '--access=public' ]
2 info using npm@3.3.6
3 info using node@v5.0.0
4 verbose publish [ '.' ]
5 silly cache add args [ '.', null ]
6 verbose cache add spec .
7 silly cache add parsed spec Result {
7 silly cache add   raw: '.',
7 silly cache add   scope: null,
7 silly cache add   name: null,
7 silly cache add   rawSpec: '.',
7 silly cache add   spec: '/Users/evanturner/src/dev/ev/proto',
7 silly cache add   type: 'directory' }
8 verbose addLocalDirectory /Users/evanturner/.npm/proto/0.0.1/package.tgz not in flight; packing
9 info lifecycle proto@0.0.1~prepublish: proto@0.0.1
10 silly lifecycle proto@0.0.1~prepublish: no script for prepublish, continuing
11 verbose tar pack [ '/Users/evanturner/.npm/proto/0.0.1/package.tgz',
11 verbose tar pack   '/Users/evanturner/src/dev/ev/proto' ]
12 verbose tarball /Users/evanturner/.npm/proto/0.0.1/package.tgz
13 verbose folder /Users/evanturner/src/dev/ev/proto
14 verbose addLocalTarball adding from inside cache /Users/evanturner/.npm/proto/0.0.1/package.tgz
15 silly cache afterAdd proto@0.0.1
16 verbose afterAdd /Users/evanturner/.npm/proto/0.0.1/package/package.json not in flight; writing
17 verbose afterAdd /Users/evanturner/.npm/proto/0.0.1/package/package.json written
18 silly publish { name: 'proto',
18 silly publish   version: '0.0.1',
18 silly publish   description: 'Prototypes as classes',
18 silly publish   main: 'index.js',
18 silly publish   repository: { type: 'git', url: 'git+https://github.com/evturn/proto.git' },
18 silly publish   keywords:
18 silly publish    [ 'prototype',
18 silly publish      'class',
18 silly publish      'super',
18 silly publish      'constructor',
18 silly publish      '__proto__',
18 silly publish      'descriptor',
18 silly publish      'instanceof',
18 silly publish      'isPrototypeOf' ],
18 silly publish   author: { name: 'Evan Turner' },
18 silly publish   license: 'ISC',
18 silly publish   bugs: { url: 'https://github.com/evturn/proto/issues' },
18 silly publish   homepage: 'https://github.com/evturn/proto',
18 silly publish   readme: '## _Proto_\n\n* Use prototypes as classes\n* ~~Constructor functions as classes~~\n* ~~`new` operators~~\n* Variables that name a class refer to the `prototype` (not the `constructor`)',
18 silly publish   readmeFilename: 'readme.md',
18 silly publish   gitHead: '6ea382742b4cb25b034fdd69962717de90f8c373',
18 silly publish   _id: 'proto@0.0.1',
18 silly publish   scripts: {},
18 silly publish   _shasum: 'c00c7dce4f4bf5b40e71fc49830cf41de0fa56c4',
18 silly publish   _from: '.' }
19 verbose getPublishConfig undefined
20 silly mapToRegistry name proto
21 silly mapToRegistry scope (from config) @ev
22 verbose mapToRegistry no registry URL found in config for scope @ev
23 silly mapToRegistry using default registry
24 silly mapToRegistry registry https://registry.npmjs.org/
25 silly mapToRegistry uri https://registry.npmjs.org/proto
26 verbose publish registryBase https://registry.npmjs.org/
27 silly publish uploading /Users/evanturner/.npm/proto/0.0.1/package.tgz
28 verbose request uri https://registry.npmjs.org/proto
29 verbose request sending authorization for write operation
30 info attempt registry request try #1 at 5:17:02 PM
31 verbose request using bearer token for auth
32 verbose request id 6be1d91bb3a2b495
33 http request PUT https://registry.npmjs.org/proto
34 http 403 https://registry.npmjs.org/proto
35 verbose headers { 'content-type': 'application/json',
35 verbose headers   'cache-control': 'max-age=60',
35 verbose headers   'content-length': '97',
35 verbose headers   'accept-ranges': 'bytes',
35 verbose headers   date: 'Wed, 02 Dec 2015 22:17:03 GMT',
35 verbose headers   via: '1.1 varnish',
35 verbose headers   connection: 'keep-alive',
35 verbose headers   'x-served-by': 'cache-iad2141-IAD',
35 verbose headers   'x-cache': 'MISS',
35 verbose headers   'x-cache-hits': '0',
35 verbose headers   'x-timer': 'S1449094622.833763,VS0,VE378' }
36 verbose request invalidating /Users/evanturner/.npm/registry.npmjs.org/proto on PUT
37 error publish Failed PUT 403
38 verbose stack Error: You do not have permission to publish 'proto'. Are you logged in as the correct user? : proto
38 verbose stack     at makeError (/Users/evanturner/.nvm/versions/node/v5.0.0/lib/node_modules/npm/node_modules/npm-registry-client/lib/request.js:264:12)
38 verbose stack     at CachingRegistryClient.<anonymous> (/Users/evanturner/.nvm/versions/node/v5.0.0/lib/node_modules/npm/node_modules/npm-registry-client/lib/request.js:252:14)
38 verbose stack     at Request._callback (/Users/evanturner/.nvm/versions/node/v5.0.0/lib/node_modules/npm/node_modules/npm-registry-client/lib/request.js:172:14)
38 verbose stack     at Request.self.callback (/Users/evanturner/.nvm/versions/node/v5.0.0/lib/node_modules/npm/node_modules/request/request.js:198:22)
38 verbose stack     at emitTwo (events.js:87:13)
38 verbose stack     at Request.emit (events.js:172:7)
38 verbose stack     at Request.<anonymous> (/Users/evanturner/.nvm/versions/node/v5.0.0/lib/node_modules/npm/node_modules/request/request.js:1063:14)
38 verbose stack     at emitOne (events.js:82:20)
38 verbose stack     at Request.emit (events.js:169:7)
38 verbose stack     at IncomingMessage.<anonymous> (/Users/evanturner/.nvm/versions/node/v5.0.0/lib/node_modules/npm/node_modules/request/request.js:1009:12)
39 verbose statusCode 403
40 verbose pkgid proto
41 verbose cwd /Users/evanturner/src/dev/ev/proto
42 error Darwin 14.3.0
43 error argv "/Users/evanturner/.nvm/versions/node/v5.0.0/bin/node" "/Users/evanturner/.nvm/versions/node/v5.0.0/bin/npm" "publish" "--access=public"
44 error node v5.0.0
45 error npm  v3.3.6
46 error code E403
47 error You do not have permission to publish 'proto'. Are you logged in as the correct user? : proto
48 error If you need help, you may report this error at:
48 error     <https://github.com/npm/npm/issues>
49 verbose exit [ 1, true ]
